<?xml version="1.0" encoding="UTF-8"?>
<!-- Generated by org.testng.reporters.JUnitXMLReporter -->
<testsuite ignored="0" hostname="LAPTOP-Q048QPGM" failures="0" tests="6" name="Default test" time="162.141" errors="0" timestamp="2023-09-05T10:20:09 IST">
  <testcase classname="testCase.TC01" name="VerifyLogin" time="17.359"/>
  <testcase classname="testCase.TC01" name="verifyCookieHandle" time="0.019"/>
  <testcase classname="testCase.TC01" name="verifyGetWindowhandle" time="11.13"/>
  <testcase classname="testCase.TC01" name="verifyMouseHover" time="0.313"/>
  <testcase classname="testCase.TC01" name="verifyScrollDown" time="0.693"/>
  <testcase classname="testCase.TC01" name="verifySearchBar" time="9.116"/>
</testsuite> <!-- Default test -->
